=-=-=-=-=-=-=-= UAF! -=-=-=-=-=-=-=-
UAF detected!
Address: 0xDEADD0F1:32
Used at: 0000016c
Free'd at: 000001de
Alloc'd at: 000001db


=-=-=-=-=-=-=-= UAF! -=-=-=-=-=-=-=-
UAF detected!
Address: 0xDEADD0F0:32
Used at: 0000016c
Free'd at: 000001de
Alloc'd at: 000001db


=-=-=-=-=-=-=-= UAF! -=-=-=-=-=-=-=-
UAF detected!
Address: 0xDEADD0EF:32
Used at: 0000016c
Free'd at: 000001de
Alloc'd at: 000001db


=-=-=-=-=-=-=-= UAF! -=-=-=-=-=-=-=-
UAF detected!
Address: 0xDEADD0EE:32
Used at: 0000016c
Free'd at: 000001de
Alloc'd at: 000001db


