=-=-=-=-=-=-=-= UAF! -=-=-=-=-=-=-=-
UAF detected!
Address: 0xDEAD965F:32
Used at: 00000138
Free'd at: 00000199
Alloc'd at: 00000198


=-=-=-=-=-=-=-= UAF! -=-=-=-=-=-=-=-
UAF detected!
Address: 0xDEAD965E:32
Used at: 00000138
Free'd at: 00000199
Alloc'd at: 00000198


=-=-=-=-=-=-=-= UAF! -=-=-=-=-=-=-=-
UAF detected!
Address: 0xDEAD965D:32
Used at: 00000138
Free'd at: 00000199
Alloc'd at: 00000198


=-=-=-=-=-=-=-= UAF! -=-=-=-=-=-=-=-
UAF detected!
Address: 0xDEAD965C:32
Used at: 00000138
Free'd at: 00000199
Alloc'd at: 00000198


